ARM GAS  C:\Users\ALEXSN~1\AppData\Local\Temp\ccUVTYdT.s 			page 1


   1              		.cpu cortex-m4
   2              		.eabi_attribute 27, 1
   3              		.eabi_attribute 28, 1
   4              		.eabi_attribute 20, 1
   5              		.eabi_attribute 21, 1
   6              		.eabi_attribute 23, 3
   7              		.eabi_attribute 24, 1
   8              		.eabi_attribute 25, 1
   9              		.eabi_attribute 26, 1
  10              		.eabi_attribute 30, 1
  11              		.eabi_attribute 34, 1
  12              		.eabi_attribute 18, 4
  13              		.file	"stm32f4xx_hal_msp.c"
  14              		.text
  15              	.Ltext0:
  16              		.cfi_sections	.debug_frame
  17              		.section	.text.HAL_MspInit,"ax",%progbits
  18              		.align	1
  19              		.global	HAL_MspInit
  20              		.syntax unified
  21              		.thumb
  22              		.thumb_func
  23              		.fpu fpv4-sp-d16
  25              	HAL_MspInit:
  26              	.LFB124:
  27              		.file 1 "Src/stm32f4xx_hal_msp.c"
   1:Src/stm32f4xx_hal_msp.c **** /**
   2:Src/stm32f4xx_hal_msp.c ****   ******************************************************************************
   3:Src/stm32f4xx_hal_msp.c ****   * File Name          : stm32f4xx_hal_msp.c
   4:Src/stm32f4xx_hal_msp.c ****   * Description        : This file provides code for the MSP Initialization 
   5:Src/stm32f4xx_hal_msp.c ****   *                      and de-Initialization codes.
   6:Src/stm32f4xx_hal_msp.c ****   ******************************************************************************
   7:Src/stm32f4xx_hal_msp.c ****   ** This notice applies to any and all portions of this file
   8:Src/stm32f4xx_hal_msp.c ****   * that are not between comment pairs USER CODE BEGIN and
   9:Src/stm32f4xx_hal_msp.c ****   * USER CODE END. Other portions of this file, whether 
  10:Src/stm32f4xx_hal_msp.c ****   * inserted by the user or by software development tools
  11:Src/stm32f4xx_hal_msp.c ****   * are owned by their respective copyright owners.
  12:Src/stm32f4xx_hal_msp.c ****   *
  13:Src/stm32f4xx_hal_msp.c ****   * COPYRIGHT(c) 2017 STMicroelectronics
  14:Src/stm32f4xx_hal_msp.c ****   *
  15:Src/stm32f4xx_hal_msp.c ****   * Redistribution and use in source and binary forms, with or without modification,
  16:Src/stm32f4xx_hal_msp.c ****   * are permitted provided that the following conditions are met:
  17:Src/stm32f4xx_hal_msp.c ****   *   1. Redistributions of source code must retain the above copyright notice,
  18:Src/stm32f4xx_hal_msp.c ****   *      this list of conditions and the following disclaimer.
  19:Src/stm32f4xx_hal_msp.c ****   *   2. Redistributions in binary form must reproduce the above copyright notice,
  20:Src/stm32f4xx_hal_msp.c ****   *      this list of conditions and the following disclaimer in the documentation
  21:Src/stm32f4xx_hal_msp.c ****   *      and/or other materials provided with the distribution.
  22:Src/stm32f4xx_hal_msp.c ****   *   3. Neither the name of STMicroelectronics nor the names of its contributors
  23:Src/stm32f4xx_hal_msp.c ****   *      may be used to endorse or promote products derived from this software
  24:Src/stm32f4xx_hal_msp.c ****   *      without specific prior written permission.
  25:Src/stm32f4xx_hal_msp.c ****   *
  26:Src/stm32f4xx_hal_msp.c ****   * THIS SOFTWARE IS PROVIDED BY THE COPYRIGHT HOLDERS AND CONTRIBUTORS "AS IS"
  27:Src/stm32f4xx_hal_msp.c ****   * AND ANY EXPRESS OR IMPLIED WARRANTIES, INCLUDING, BUT NOT LIMITED TO, THE
  28:Src/stm32f4xx_hal_msp.c ****   * IMPLIED WARRANTIES OF MERCHANTABILITY AND FITNESS FOR A PARTICULAR PURPOSE ARE
  29:Src/stm32f4xx_hal_msp.c ****   * DISCLAIMED. IN NO EVENT SHALL THE COPYRIGHT HOLDER OR CONTRIBUTORS BE LIABLE
  30:Src/stm32f4xx_hal_msp.c ****   * FOR ANY DIRECT, INDIRECT, INCIDENTAL, SPECIAL, EXEMPLARY, OR CONSEQUENTIAL
  31:Src/stm32f4xx_hal_msp.c ****   * DAMAGES (INCLUDING, BUT NOT LIMITED TO, PROCUREMENT OF SUBSTITUTE GOODS OR
ARM GAS  C:\Users\ALEXSN~1\AppData\Local\Temp\ccUVTYdT.s 			page 2


  32:Src/stm32f4xx_hal_msp.c ****   * SERVICES; LOSS OF USE, DATA, OR PROFITS; OR BUSINESS INTERRUPTION) HOWEVER
  33:Src/stm32f4xx_hal_msp.c ****   * CAUSED AND ON ANY THEORY OF LIABILITY, WHETHER IN CONTRACT, STRICT LIABILITY,
  34:Src/stm32f4xx_hal_msp.c ****   * OR TORT (INCLUDING NEGLIGENCE OR OTHERWISE) ARISING IN ANY WAY OUT OF THE USE
  35:Src/stm32f4xx_hal_msp.c ****   * OF THIS SOFTWARE, EVEN IF ADVISED OF THE POSSIBILITY OF SUCH DAMAGE.
  36:Src/stm32f4xx_hal_msp.c ****   *
  37:Src/stm32f4xx_hal_msp.c ****   ******************************************************************************
  38:Src/stm32f4xx_hal_msp.c ****   */
  39:Src/stm32f4xx_hal_msp.c **** /* Includes ------------------------------------------------------------------*/
  40:Src/stm32f4xx_hal_msp.c **** #include "stm32f4xx_hal.h"
  41:Src/stm32f4xx_hal_msp.c **** 
  42:Src/stm32f4xx_hal_msp.c **** extern void _Error_Handler(char *, int);
  43:Src/stm32f4xx_hal_msp.c **** /* USER CODE BEGIN 0 */
  44:Src/stm32f4xx_hal_msp.c **** 
  45:Src/stm32f4xx_hal_msp.c **** /* USER CODE END 0 */
  46:Src/stm32f4xx_hal_msp.c **** /**
  47:Src/stm32f4xx_hal_msp.c ****   * Initializes the Global MSP.
  48:Src/stm32f4xx_hal_msp.c ****   */
  49:Src/stm32f4xx_hal_msp.c **** void HAL_MspInit(void)
  50:Src/stm32f4xx_hal_msp.c **** {
  28              		.loc 1 50 0
  29              		.cfi_startproc
  30              		@ args = 0, pretend = 0, frame = 0
  31              		@ frame_needed = 0, uses_anonymous_args = 0
  32 0000 08B5     		push	{r3, lr}
  33              	.LCFI0:
  34              		.cfi_def_cfa_offset 8
  35              		.cfi_offset 3, -8
  36              		.cfi_offset 14, -4
  51:Src/stm32f4xx_hal_msp.c ****   /* USER CODE BEGIN MspInit 0 */
  52:Src/stm32f4xx_hal_msp.c **** 
  53:Src/stm32f4xx_hal_msp.c ****   /* USER CODE END MspInit 0 */
  54:Src/stm32f4xx_hal_msp.c **** 
  55:Src/stm32f4xx_hal_msp.c ****   HAL_NVIC_SetPriorityGrouping(NVIC_PRIORITYGROUP_4);
  37              		.loc 1 55 0
  38 0002 0320     		movs	r0, #3
  39 0004 FFF7FEFF 		bl	HAL_NVIC_SetPriorityGrouping
  40              	.LVL0:
  56:Src/stm32f4xx_hal_msp.c **** 
  57:Src/stm32f4xx_hal_msp.c ****   /* System interrupt init*/
  58:Src/stm32f4xx_hal_msp.c ****   /* MemoryManagement_IRQn interrupt configuration */
  59:Src/stm32f4xx_hal_msp.c ****   HAL_NVIC_SetPriority(MemoryManagement_IRQn, 0, 0);
  41              		.loc 1 59 0
  42 0008 0022     		movs	r2, #0
  43 000a 1146     		mov	r1, r2
  44 000c 6FF00B00 		mvn	r0, #11
  45 0010 FFF7FEFF 		bl	HAL_NVIC_SetPriority
  46              	.LVL1:
  60:Src/stm32f4xx_hal_msp.c ****   /* BusFault_IRQn interrupt configuration */
  61:Src/stm32f4xx_hal_msp.c ****   HAL_NVIC_SetPriority(BusFault_IRQn, 0, 0);
  47              		.loc 1 61 0
  48 0014 0022     		movs	r2, #0
  49 0016 1146     		mov	r1, r2
  50 0018 6FF00A00 		mvn	r0, #10
  51 001c FFF7FEFF 		bl	HAL_NVIC_SetPriority
  52              	.LVL2:
  62:Src/stm32f4xx_hal_msp.c ****   /* UsageFault_IRQn interrupt configuration */
  63:Src/stm32f4xx_hal_msp.c ****   HAL_NVIC_SetPriority(UsageFault_IRQn, 0, 0);
ARM GAS  C:\Users\ALEXSN~1\AppData\Local\Temp\ccUVTYdT.s 			page 3


  53              		.loc 1 63 0
  54 0020 0022     		movs	r2, #0
  55 0022 1146     		mov	r1, r2
  56 0024 6FF00900 		mvn	r0, #9
  57 0028 FFF7FEFF 		bl	HAL_NVIC_SetPriority
  58              	.LVL3:
  64:Src/stm32f4xx_hal_msp.c ****   /* SVCall_IRQn interrupt configuration */
  65:Src/stm32f4xx_hal_msp.c ****   HAL_NVIC_SetPriority(SVCall_IRQn, 0, 0);
  59              		.loc 1 65 0
  60 002c 0022     		movs	r2, #0
  61 002e 1146     		mov	r1, r2
  62 0030 6FF00400 		mvn	r0, #4
  63 0034 FFF7FEFF 		bl	HAL_NVIC_SetPriority
  64              	.LVL4:
  66:Src/stm32f4xx_hal_msp.c ****   /* DebugMonitor_IRQn interrupt configuration */
  67:Src/stm32f4xx_hal_msp.c ****   HAL_NVIC_SetPriority(DebugMonitor_IRQn, 0, 0);
  65              		.loc 1 67 0
  66 0038 0022     		movs	r2, #0
  67 003a 1146     		mov	r1, r2
  68 003c 6FF00300 		mvn	r0, #3
  69 0040 FFF7FEFF 		bl	HAL_NVIC_SetPriority
  70              	.LVL5:
  68:Src/stm32f4xx_hal_msp.c ****   /* PendSV_IRQn interrupt configuration */
  69:Src/stm32f4xx_hal_msp.c ****   HAL_NVIC_SetPriority(PendSV_IRQn, 0, 0);
  71              		.loc 1 69 0
  72 0044 0022     		movs	r2, #0
  73 0046 1146     		mov	r1, r2
  74 0048 6FF00100 		mvn	r0, #1
  75 004c FFF7FEFF 		bl	HAL_NVIC_SetPriority
  76              	.LVL6:
  70:Src/stm32f4xx_hal_msp.c ****   /* SysTick_IRQn interrupt configuration */
  71:Src/stm32f4xx_hal_msp.c ****   HAL_NVIC_SetPriority(SysTick_IRQn, 0, 0);
  77              		.loc 1 71 0
  78 0050 0022     		movs	r2, #0
  79 0052 1146     		mov	r1, r2
  80 0054 4FF0FF30 		mov	r0, #-1
  81 0058 FFF7FEFF 		bl	HAL_NVIC_SetPriority
  82              	.LVL7:
  83 005c 08BD     		pop	{r3, pc}
  84              		.cfi_endproc
  85              	.LFE124:
  87              		.section	.text.HAL_SPI_MspInit,"ax",%progbits
  88              		.align	1
  89              		.global	HAL_SPI_MspInit
  90              		.syntax unified
  91              		.thumb
  92              		.thumb_func
  93              		.fpu fpv4-sp-d16
  95              	HAL_SPI_MspInit:
  96              	.LFB125:
  72:Src/stm32f4xx_hal_msp.c **** 
  73:Src/stm32f4xx_hal_msp.c ****   /* USER CODE BEGIN MspInit 1 */
  74:Src/stm32f4xx_hal_msp.c **** 
  75:Src/stm32f4xx_hal_msp.c ****   /* USER CODE END MspInit 1 */
  76:Src/stm32f4xx_hal_msp.c **** }
  77:Src/stm32f4xx_hal_msp.c **** 
  78:Src/stm32f4xx_hal_msp.c **** void HAL_SPI_MspInit(SPI_HandleTypeDef* hspi)
ARM GAS  C:\Users\ALEXSN~1\AppData\Local\Temp\ccUVTYdT.s 			page 4


  79:Src/stm32f4xx_hal_msp.c **** {
  97              		.loc 1 79 0
  98              		.cfi_startproc
  99              		@ args = 0, pretend = 0, frame = 32
 100              		@ frame_needed = 0, uses_anonymous_args = 0
 101              	.LVL8:
 102 0000 00B5     		push	{lr}
 103              	.LCFI1:
 104              		.cfi_def_cfa_offset 4
 105              		.cfi_offset 14, -4
 106 0002 89B0     		sub	sp, sp, #36
 107              	.LCFI2:
 108              		.cfi_def_cfa_offset 40
  80:Src/stm32f4xx_hal_msp.c **** 
  81:Src/stm32f4xx_hal_msp.c ****   GPIO_InitTypeDef GPIO_InitStruct;
  82:Src/stm32f4xx_hal_msp.c ****   if(hspi->Instance==SPI1)
 109              		.loc 1 82 0
 110 0004 0368     		ldr	r3, [r0]
 111 0006 1F4A     		ldr	r2, .L9
 112 0008 9342     		cmp	r3, r2
 113 000a 05D0     		beq	.L7
  83:Src/stm32f4xx_hal_msp.c ****   {
  84:Src/stm32f4xx_hal_msp.c ****   /* USER CODE BEGIN SPI1_MspInit 0 */
  85:Src/stm32f4xx_hal_msp.c **** 
  86:Src/stm32f4xx_hal_msp.c ****   /* USER CODE END SPI1_MspInit 0 */
  87:Src/stm32f4xx_hal_msp.c ****     /* Peripheral clock enable */
  88:Src/stm32f4xx_hal_msp.c ****     __HAL_RCC_SPI1_CLK_ENABLE();
  89:Src/stm32f4xx_hal_msp.c ****   
  90:Src/stm32f4xx_hal_msp.c ****     /**SPI1 GPIO Configuration    
  91:Src/stm32f4xx_hal_msp.c ****     PA5     ------> SPI1_SCK
  92:Src/stm32f4xx_hal_msp.c ****     PA6     ------> SPI1_MISO
  93:Src/stm32f4xx_hal_msp.c ****     PA7     ------> SPI1_MOSI 
  94:Src/stm32f4xx_hal_msp.c ****     */
  95:Src/stm32f4xx_hal_msp.c ****     GPIO_InitStruct.Pin = GPIO_PIN_5|GPIO_PIN_6|GPIO_PIN_7;
  96:Src/stm32f4xx_hal_msp.c ****     GPIO_InitStruct.Mode = GPIO_MODE_AF_PP;
  97:Src/stm32f4xx_hal_msp.c ****     GPIO_InitStruct.Pull = GPIO_NOPULL;
  98:Src/stm32f4xx_hal_msp.c ****     GPIO_InitStruct.Speed = GPIO_SPEED_FREQ_VERY_HIGH;
  99:Src/stm32f4xx_hal_msp.c ****     GPIO_InitStruct.Alternate = GPIO_AF5_SPI1;
 100:Src/stm32f4xx_hal_msp.c ****     HAL_GPIO_Init(GPIOA, &GPIO_InitStruct);
 101:Src/stm32f4xx_hal_msp.c **** 
 102:Src/stm32f4xx_hal_msp.c ****   /* USER CODE BEGIN SPI1_MspInit 1 */
 103:Src/stm32f4xx_hal_msp.c **** 
 104:Src/stm32f4xx_hal_msp.c ****   /* USER CODE END SPI1_MspInit 1 */
 105:Src/stm32f4xx_hal_msp.c ****   }
 106:Src/stm32f4xx_hal_msp.c ****   else if(hspi->Instance==SPI2)
 114              		.loc 1 106 0
 115 000c 1E4A     		ldr	r2, .L9+4
 116 000e 9342     		cmp	r3, r2
 117 0010 1CD0     		beq	.L8
 118              	.LVL9:
 119              	.L3:
 107:Src/stm32f4xx_hal_msp.c ****   {
 108:Src/stm32f4xx_hal_msp.c ****   /* USER CODE BEGIN SPI2_MspInit 0 */
 109:Src/stm32f4xx_hal_msp.c **** 
 110:Src/stm32f4xx_hal_msp.c ****   /* USER CODE END SPI2_MspInit 0 */
 111:Src/stm32f4xx_hal_msp.c ****     /* Peripheral clock enable */
 112:Src/stm32f4xx_hal_msp.c ****     __HAL_RCC_SPI2_CLK_ENABLE();
ARM GAS  C:\Users\ALEXSN~1\AppData\Local\Temp\ccUVTYdT.s 			page 5


 113:Src/stm32f4xx_hal_msp.c ****   
 114:Src/stm32f4xx_hal_msp.c ****     /**SPI2 GPIO Configuration    
 115:Src/stm32f4xx_hal_msp.c ****     PB13     ------> SPI2_SCK
 116:Src/stm32f4xx_hal_msp.c ****     PB14     ------> SPI2_MISO
 117:Src/stm32f4xx_hal_msp.c ****     PB15     ------> SPI2_MOSI 
 118:Src/stm32f4xx_hal_msp.c ****     */
 119:Src/stm32f4xx_hal_msp.c ****     GPIO_InitStruct.Pin = GPIO_PIN_13|GPIO_PIN_14|GPIO_PIN_15;
 120:Src/stm32f4xx_hal_msp.c ****     GPIO_InitStruct.Mode = GPIO_MODE_AF_PP;
 121:Src/stm32f4xx_hal_msp.c ****     GPIO_InitStruct.Pull = GPIO_NOPULL;
 122:Src/stm32f4xx_hal_msp.c ****     GPIO_InitStruct.Speed = GPIO_SPEED_FREQ_VERY_HIGH;
 123:Src/stm32f4xx_hal_msp.c ****     GPIO_InitStruct.Alternate = GPIO_AF5_SPI2;
 124:Src/stm32f4xx_hal_msp.c ****     HAL_GPIO_Init(GPIOB, &GPIO_InitStruct);
 125:Src/stm32f4xx_hal_msp.c **** 
 126:Src/stm32f4xx_hal_msp.c ****   /* USER CODE BEGIN SPI2_MspInit 1 */
 127:Src/stm32f4xx_hal_msp.c **** 
 128:Src/stm32f4xx_hal_msp.c ****   /* USER CODE END SPI2_MspInit 1 */
 129:Src/stm32f4xx_hal_msp.c ****   }
 130:Src/stm32f4xx_hal_msp.c **** 
 131:Src/stm32f4xx_hal_msp.c **** }
 120              		.loc 1 131 0
 121 0012 09B0     		add	sp, sp, #36
 122              	.LCFI3:
 123              		.cfi_remember_state
 124              		.cfi_def_cfa_offset 4
 125              		@ sp needed
 126 0014 5DF804FB 		ldr	pc, [sp], #4
 127              	.LVL10:
 128              	.L7:
 129              	.LCFI4:
 130              		.cfi_restore_state
 131              	.LBB2:
  88:Src/stm32f4xx_hal_msp.c ****   
 132              		.loc 1 88 0
 133 0018 0021     		movs	r1, #0
 134 001a 0191     		str	r1, [sp, #4]
 135 001c 1B4B     		ldr	r3, .L9+8
 136 001e 5A6C     		ldr	r2, [r3, #68]
 137 0020 42F48052 		orr	r2, r2, #4096
 138 0024 5A64     		str	r2, [r3, #68]
 139 0026 5B6C     		ldr	r3, [r3, #68]
 140 0028 03F48053 		and	r3, r3, #4096
 141 002c 0193     		str	r3, [sp, #4]
 142 002e 019B     		ldr	r3, [sp, #4]
 143              	.LBE2:
  95:Src/stm32f4xx_hal_msp.c ****     GPIO_InitStruct.Mode = GPIO_MODE_AF_PP;
 144              		.loc 1 95 0
 145 0030 E023     		movs	r3, #224
 146 0032 0393     		str	r3, [sp, #12]
  96:Src/stm32f4xx_hal_msp.c ****     GPIO_InitStruct.Pull = GPIO_NOPULL;
 147              		.loc 1 96 0
 148 0034 0223     		movs	r3, #2
 149 0036 0493     		str	r3, [sp, #16]
  97:Src/stm32f4xx_hal_msp.c ****     GPIO_InitStruct.Speed = GPIO_SPEED_FREQ_VERY_HIGH;
 150              		.loc 1 97 0
 151 0038 0591     		str	r1, [sp, #20]
  98:Src/stm32f4xx_hal_msp.c ****     GPIO_InitStruct.Alternate = GPIO_AF5_SPI1;
 152              		.loc 1 98 0
ARM GAS  C:\Users\ALEXSN~1\AppData\Local\Temp\ccUVTYdT.s 			page 6


 153 003a 0323     		movs	r3, #3
 154 003c 0693     		str	r3, [sp, #24]
  99:Src/stm32f4xx_hal_msp.c ****     HAL_GPIO_Init(GPIOA, &GPIO_InitStruct);
 155              		.loc 1 99 0
 156 003e 0523     		movs	r3, #5
 157 0040 0793     		str	r3, [sp, #28]
 100:Src/stm32f4xx_hal_msp.c **** 
 158              		.loc 1 100 0
 159 0042 03A9     		add	r1, sp, #12
 160 0044 1248     		ldr	r0, .L9+12
 161              	.LVL11:
 162 0046 FFF7FEFF 		bl	HAL_GPIO_Init
 163              	.LVL12:
 164 004a E2E7     		b	.L3
 165              	.LVL13:
 166              	.L8:
 167              	.LBB3:
 112:Src/stm32f4xx_hal_msp.c ****   
 168              		.loc 1 112 0
 169 004c 0021     		movs	r1, #0
 170 004e 0291     		str	r1, [sp, #8]
 171 0050 0E4B     		ldr	r3, .L9+8
 172 0052 1A6C     		ldr	r2, [r3, #64]
 173 0054 42F48042 		orr	r2, r2, #16384
 174 0058 1A64     		str	r2, [r3, #64]
 175 005a 1B6C     		ldr	r3, [r3, #64]
 176 005c 03F48043 		and	r3, r3, #16384
 177 0060 0293     		str	r3, [sp, #8]
 178 0062 029B     		ldr	r3, [sp, #8]
 179              	.LBE3:
 119:Src/stm32f4xx_hal_msp.c ****     GPIO_InitStruct.Mode = GPIO_MODE_AF_PP;
 180              		.loc 1 119 0
 181 0064 4FF46043 		mov	r3, #57344
 182 0068 0393     		str	r3, [sp, #12]
 120:Src/stm32f4xx_hal_msp.c ****     GPIO_InitStruct.Pull = GPIO_NOPULL;
 183              		.loc 1 120 0
 184 006a 0223     		movs	r3, #2
 185 006c 0493     		str	r3, [sp, #16]
 121:Src/stm32f4xx_hal_msp.c ****     GPIO_InitStruct.Speed = GPIO_SPEED_FREQ_VERY_HIGH;
 186              		.loc 1 121 0
 187 006e 0591     		str	r1, [sp, #20]
 122:Src/stm32f4xx_hal_msp.c ****     GPIO_InitStruct.Alternate = GPIO_AF5_SPI2;
 188              		.loc 1 122 0
 189 0070 0323     		movs	r3, #3
 190 0072 0693     		str	r3, [sp, #24]
 123:Src/stm32f4xx_hal_msp.c ****     HAL_GPIO_Init(GPIOB, &GPIO_InitStruct);
 191              		.loc 1 123 0
 192 0074 0523     		movs	r3, #5
 193 0076 0793     		str	r3, [sp, #28]
 124:Src/stm32f4xx_hal_msp.c **** 
 194              		.loc 1 124 0
 195 0078 03A9     		add	r1, sp, #12
 196 007a 0648     		ldr	r0, .L9+16
 197              	.LVL14:
 198 007c FFF7FEFF 		bl	HAL_GPIO_Init
 199              	.LVL15:
 200              		.loc 1 131 0
ARM GAS  C:\Users\ALEXSN~1\AppData\Local\Temp\ccUVTYdT.s 			page 7


 201 0080 C7E7     		b	.L3
 202              	.L10:
 203 0082 00BF     		.align	2
 204              	.L9:
 205 0084 00300140 		.word	1073819648
 206 0088 00380040 		.word	1073756160
 207 008c 00380240 		.word	1073887232
 208 0090 00000240 		.word	1073872896
 209 0094 00040240 		.word	1073873920
 210              		.cfi_endproc
 211              	.LFE125:
 213              		.section	.text.HAL_SPI_MspDeInit,"ax",%progbits
 214              		.align	1
 215              		.global	HAL_SPI_MspDeInit
 216              		.syntax unified
 217              		.thumb
 218              		.thumb_func
 219              		.fpu fpv4-sp-d16
 221              	HAL_SPI_MspDeInit:
 222              	.LFB126:
 132:Src/stm32f4xx_hal_msp.c **** 
 133:Src/stm32f4xx_hal_msp.c **** void HAL_SPI_MspDeInit(SPI_HandleTypeDef* hspi)
 134:Src/stm32f4xx_hal_msp.c **** {
 223              		.loc 1 134 0
 224              		.cfi_startproc
 225              		@ args = 0, pretend = 0, frame = 0
 226              		@ frame_needed = 0, uses_anonymous_args = 0
 227              	.LVL16:
 228 0000 08B5     		push	{r3, lr}
 229              	.LCFI5:
 230              		.cfi_def_cfa_offset 8
 231              		.cfi_offset 3, -8
 232              		.cfi_offset 14, -4
 135:Src/stm32f4xx_hal_msp.c **** 
 136:Src/stm32f4xx_hal_msp.c ****   if(hspi->Instance==SPI1)
 233              		.loc 1 136 0
 234 0002 0368     		ldr	r3, [r0]
 235 0004 0E4A     		ldr	r2, .L17
 236 0006 9342     		cmp	r3, r2
 237 0008 03D0     		beq	.L15
 137:Src/stm32f4xx_hal_msp.c ****   {
 138:Src/stm32f4xx_hal_msp.c ****   /* USER CODE BEGIN SPI1_MspDeInit 0 */
 139:Src/stm32f4xx_hal_msp.c **** 
 140:Src/stm32f4xx_hal_msp.c ****   /* USER CODE END SPI1_MspDeInit 0 */
 141:Src/stm32f4xx_hal_msp.c ****     /* Peripheral clock disable */
 142:Src/stm32f4xx_hal_msp.c ****     __HAL_RCC_SPI1_CLK_DISABLE();
 143:Src/stm32f4xx_hal_msp.c ****   
 144:Src/stm32f4xx_hal_msp.c ****     /**SPI1 GPIO Configuration    
 145:Src/stm32f4xx_hal_msp.c ****     PA5     ------> SPI1_SCK
 146:Src/stm32f4xx_hal_msp.c ****     PA6     ------> SPI1_MISO
 147:Src/stm32f4xx_hal_msp.c ****     PA7     ------> SPI1_MOSI 
 148:Src/stm32f4xx_hal_msp.c ****     */
 149:Src/stm32f4xx_hal_msp.c ****     HAL_GPIO_DeInit(GPIOA, GPIO_PIN_5|GPIO_PIN_6|GPIO_PIN_7);
 150:Src/stm32f4xx_hal_msp.c **** 
 151:Src/stm32f4xx_hal_msp.c ****   /* USER CODE BEGIN SPI1_MspDeInit 1 */
 152:Src/stm32f4xx_hal_msp.c **** 
 153:Src/stm32f4xx_hal_msp.c ****   /* USER CODE END SPI1_MspDeInit 1 */
ARM GAS  C:\Users\ALEXSN~1\AppData\Local\Temp\ccUVTYdT.s 			page 8


 154:Src/stm32f4xx_hal_msp.c ****   }
 155:Src/stm32f4xx_hal_msp.c ****   else if(hspi->Instance==SPI2)
 238              		.loc 1 155 0
 239 000a 0E4A     		ldr	r2, .L17+4
 240 000c 9342     		cmp	r3, r2
 241 000e 0BD0     		beq	.L16
 242              	.LVL17:
 243              	.L11:
 244 0010 08BD     		pop	{r3, pc}
 245              	.LVL18:
 246              	.L15:
 142:Src/stm32f4xx_hal_msp.c ****   
 247              		.loc 1 142 0
 248 0012 02F58432 		add	r2, r2, #67584
 249 0016 536C     		ldr	r3, [r2, #68]
 250 0018 23F48053 		bic	r3, r3, #4096
 251 001c 5364     		str	r3, [r2, #68]
 149:Src/stm32f4xx_hal_msp.c **** 
 252              		.loc 1 149 0
 253 001e E021     		movs	r1, #224
 254 0020 0948     		ldr	r0, .L17+8
 255              	.LVL19:
 256 0022 FFF7FEFF 		bl	HAL_GPIO_DeInit
 257              	.LVL20:
 258 0026 08BD     		pop	{r3, pc}
 259              	.LVL21:
 260              	.L16:
 156:Src/stm32f4xx_hal_msp.c ****   {
 157:Src/stm32f4xx_hal_msp.c ****   /* USER CODE BEGIN SPI2_MspDeInit 0 */
 158:Src/stm32f4xx_hal_msp.c **** 
 159:Src/stm32f4xx_hal_msp.c ****   /* USER CODE END SPI2_MspDeInit 0 */
 160:Src/stm32f4xx_hal_msp.c ****     /* Peripheral clock disable */
 161:Src/stm32f4xx_hal_msp.c ****     __HAL_RCC_SPI2_CLK_DISABLE();
 261              		.loc 1 161 0
 262 0028 02F50032 		add	r2, r2, #131072
 263 002c 136C     		ldr	r3, [r2, #64]
 264 002e 23F48043 		bic	r3, r3, #16384
 265 0032 1364     		str	r3, [r2, #64]
 162:Src/stm32f4xx_hal_msp.c ****   
 163:Src/stm32f4xx_hal_msp.c ****     /**SPI2 GPIO Configuration    
 164:Src/stm32f4xx_hal_msp.c ****     PB13     ------> SPI2_SCK
 165:Src/stm32f4xx_hal_msp.c ****     PB14     ------> SPI2_MISO
 166:Src/stm32f4xx_hal_msp.c ****     PB15     ------> SPI2_MOSI 
 167:Src/stm32f4xx_hal_msp.c ****     */
 168:Src/stm32f4xx_hal_msp.c ****     HAL_GPIO_DeInit(GPIOB, GPIO_PIN_13|GPIO_PIN_14|GPIO_PIN_15);
 266              		.loc 1 168 0
 267 0034 4FF46041 		mov	r1, #57344
 268 0038 0448     		ldr	r0, .L17+12
 269              	.LVL22:
 270 003a FFF7FEFF 		bl	HAL_GPIO_DeInit
 271              	.LVL23:
 169:Src/stm32f4xx_hal_msp.c **** 
 170:Src/stm32f4xx_hal_msp.c ****   /* USER CODE BEGIN SPI2_MspDeInit 1 */
 171:Src/stm32f4xx_hal_msp.c **** 
 172:Src/stm32f4xx_hal_msp.c ****   /* USER CODE END SPI2_MspDeInit 1 */
 173:Src/stm32f4xx_hal_msp.c ****   }
 174:Src/stm32f4xx_hal_msp.c **** 
ARM GAS  C:\Users\ALEXSN~1\AppData\Local\Temp\ccUVTYdT.s 			page 9


 175:Src/stm32f4xx_hal_msp.c **** }
 272              		.loc 1 175 0
 273 003e E7E7     		b	.L11
 274              	.L18:
 275              		.align	2
 276              	.L17:
 277 0040 00300140 		.word	1073819648
 278 0044 00380040 		.word	1073756160
 279 0048 00000240 		.word	1073872896
 280 004c 00040240 		.word	1073873920
 281              		.cfi_endproc
 282              	.LFE126:
 284              		.section	.text.HAL_UART_MspInit,"ax",%progbits
 285              		.align	1
 286              		.global	HAL_UART_MspInit
 287              		.syntax unified
 288              		.thumb
 289              		.thumb_func
 290              		.fpu fpv4-sp-d16
 292              	HAL_UART_MspInit:
 293              	.LFB127:
 176:Src/stm32f4xx_hal_msp.c **** 
 177:Src/stm32f4xx_hal_msp.c **** void HAL_UART_MspInit(UART_HandleTypeDef* huart)
 178:Src/stm32f4xx_hal_msp.c **** {
 294              		.loc 1 178 0
 295              		.cfi_startproc
 296              		@ args = 0, pretend = 0, frame = 32
 297              		@ frame_needed = 0, uses_anonymous_args = 0
 298              	.LVL24:
 299 0000 2DE9F041 		push	{r4, r5, r6, r7, r8, lr}
 300              	.LCFI6:
 301              		.cfi_def_cfa_offset 24
 302              		.cfi_offset 4, -24
 303              		.cfi_offset 5, -20
 304              		.cfi_offset 6, -16
 305              		.cfi_offset 7, -12
 306              		.cfi_offset 8, -8
 307              		.cfi_offset 14, -4
 308 0004 88B0     		sub	sp, sp, #32
 309              	.LCFI7:
 310              		.cfi_def_cfa_offset 56
 179:Src/stm32f4xx_hal_msp.c **** 
 180:Src/stm32f4xx_hal_msp.c ****   GPIO_InitTypeDef GPIO_InitStruct;
 181:Src/stm32f4xx_hal_msp.c ****   if(huart->Instance==UART5)
 311              		.loc 1 181 0
 312 0006 0368     		ldr	r3, [r0]
 313 0008 414A     		ldr	r2, .L27
 314 000a 9342     		cmp	r3, r2
 315 000c 08D0     		beq	.L24
 182:Src/stm32f4xx_hal_msp.c ****   {
 183:Src/stm32f4xx_hal_msp.c ****   /* USER CODE BEGIN UART5_MspInit 0 */
 184:Src/stm32f4xx_hal_msp.c **** 
 185:Src/stm32f4xx_hal_msp.c ****   /* USER CODE END UART5_MspInit 0 */
 186:Src/stm32f4xx_hal_msp.c ****     /* Peripheral clock enable */
 187:Src/stm32f4xx_hal_msp.c ****     __HAL_RCC_UART5_CLK_ENABLE();
 188:Src/stm32f4xx_hal_msp.c ****   
 189:Src/stm32f4xx_hal_msp.c ****     /**UART5 GPIO Configuration    
ARM GAS  C:\Users\ALEXSN~1\AppData\Local\Temp\ccUVTYdT.s 			page 10


 190:Src/stm32f4xx_hal_msp.c ****     PC12     ------> UART5_TX
 191:Src/stm32f4xx_hal_msp.c ****     PD2     ------> UART5_RX 
 192:Src/stm32f4xx_hal_msp.c ****     */
 193:Src/stm32f4xx_hal_msp.c ****     GPIO_InitStruct.Pin = GPIO_PIN_12;
 194:Src/stm32f4xx_hal_msp.c ****     GPIO_InitStruct.Mode = GPIO_MODE_AF_PP;
 195:Src/stm32f4xx_hal_msp.c ****     GPIO_InitStruct.Pull = GPIO_PULLUP;
 196:Src/stm32f4xx_hal_msp.c ****     GPIO_InitStruct.Speed = GPIO_SPEED_FREQ_VERY_HIGH;
 197:Src/stm32f4xx_hal_msp.c ****     GPIO_InitStruct.Alternate = GPIO_AF8_UART5;
 198:Src/stm32f4xx_hal_msp.c ****     HAL_GPIO_Init(GPIOC, &GPIO_InitStruct);
 199:Src/stm32f4xx_hal_msp.c **** 
 200:Src/stm32f4xx_hal_msp.c ****     GPIO_InitStruct.Pin = GPIO_PIN_2;
 201:Src/stm32f4xx_hal_msp.c ****     GPIO_InitStruct.Mode = GPIO_MODE_AF_PP;
 202:Src/stm32f4xx_hal_msp.c ****     GPIO_InitStruct.Pull = GPIO_PULLUP;
 203:Src/stm32f4xx_hal_msp.c ****     GPIO_InitStruct.Speed = GPIO_SPEED_FREQ_VERY_HIGH;
 204:Src/stm32f4xx_hal_msp.c ****     GPIO_InitStruct.Alternate = GPIO_AF8_UART5;
 205:Src/stm32f4xx_hal_msp.c ****     HAL_GPIO_Init(GPIOD, &GPIO_InitStruct);
 206:Src/stm32f4xx_hal_msp.c **** 
 207:Src/stm32f4xx_hal_msp.c ****     /* UART5 interrupt Init */
 208:Src/stm32f4xx_hal_msp.c ****     HAL_NVIC_SetPriority(UART5_IRQn, 2, 0);
 209:Src/stm32f4xx_hal_msp.c ****     HAL_NVIC_EnableIRQ(UART5_IRQn);
 210:Src/stm32f4xx_hal_msp.c ****   /* USER CODE BEGIN UART5_MspInit 1 */
 211:Src/stm32f4xx_hal_msp.c **** 
 212:Src/stm32f4xx_hal_msp.c ****   /* USER CODE END UART5_MspInit 1 */
 213:Src/stm32f4xx_hal_msp.c ****   }
 214:Src/stm32f4xx_hal_msp.c ****   else if(huart->Instance==USART1)
 316              		.loc 1 214 0
 317 000e 414A     		ldr	r2, .L27+4
 318 0010 9342     		cmp	r3, r2
 319 0012 36D0     		beq	.L25
 215:Src/stm32f4xx_hal_msp.c ****   {
 216:Src/stm32f4xx_hal_msp.c ****   /* USER CODE BEGIN USART1_MspInit 0 */
 217:Src/stm32f4xx_hal_msp.c **** 
 218:Src/stm32f4xx_hal_msp.c ****   /* USER CODE END USART1_MspInit 0 */
 219:Src/stm32f4xx_hal_msp.c ****     /* Peripheral clock enable */
 220:Src/stm32f4xx_hal_msp.c ****     __HAL_RCC_USART1_CLK_ENABLE();
 221:Src/stm32f4xx_hal_msp.c ****   
 222:Src/stm32f4xx_hal_msp.c ****     /**USART1 GPIO Configuration    
 223:Src/stm32f4xx_hal_msp.c ****     PB6     ------> USART1_TX
 224:Src/stm32f4xx_hal_msp.c ****     PB7     ------> USART1_RX 
 225:Src/stm32f4xx_hal_msp.c ****     */
 226:Src/stm32f4xx_hal_msp.c ****     GPIO_InitStruct.Pin = GPIO_PIN_6|GPIO_PIN_7;
 227:Src/stm32f4xx_hal_msp.c ****     GPIO_InitStruct.Mode = GPIO_MODE_AF_PP;
 228:Src/stm32f4xx_hal_msp.c ****     GPIO_InitStruct.Pull = GPIO_PULLUP;
 229:Src/stm32f4xx_hal_msp.c ****     GPIO_InitStruct.Speed = GPIO_SPEED_FREQ_VERY_HIGH;
 230:Src/stm32f4xx_hal_msp.c ****     GPIO_InitStruct.Alternate = GPIO_AF7_USART1;
 231:Src/stm32f4xx_hal_msp.c ****     HAL_GPIO_Init(GPIOB, &GPIO_InitStruct);
 232:Src/stm32f4xx_hal_msp.c **** 
 233:Src/stm32f4xx_hal_msp.c ****     /* USART1 interrupt Init */
 234:Src/stm32f4xx_hal_msp.c ****     HAL_NVIC_SetPriority(USART1_IRQn, 2, 0);
 235:Src/stm32f4xx_hal_msp.c ****     HAL_NVIC_EnableIRQ(USART1_IRQn);
 236:Src/stm32f4xx_hal_msp.c ****   /* USER CODE BEGIN USART1_MspInit 1 */
 237:Src/stm32f4xx_hal_msp.c **** 
 238:Src/stm32f4xx_hal_msp.c ****   /* USER CODE END USART1_MspInit 1 */
 239:Src/stm32f4xx_hal_msp.c ****   }
 240:Src/stm32f4xx_hal_msp.c ****   else if(huart->Instance==USART2)
 320              		.loc 1 240 0
 321 0014 404A     		ldr	r2, .L27+8
ARM GAS  C:\Users\ALEXSN~1\AppData\Local\Temp\ccUVTYdT.s 			page 11


 322 0016 9342     		cmp	r3, r2
 323 0018 56D0     		beq	.L26
 324              	.LVL25:
 325              	.L19:
 241:Src/stm32f4xx_hal_msp.c ****   {
 242:Src/stm32f4xx_hal_msp.c ****   /* USER CODE BEGIN USART2_MspInit 0 */
 243:Src/stm32f4xx_hal_msp.c **** 
 244:Src/stm32f4xx_hal_msp.c ****   /* USER CODE END USART2_MspInit 0 */
 245:Src/stm32f4xx_hal_msp.c ****     /* Peripheral clock enable */
 246:Src/stm32f4xx_hal_msp.c ****     __HAL_RCC_USART2_CLK_ENABLE();
 247:Src/stm32f4xx_hal_msp.c ****   
 248:Src/stm32f4xx_hal_msp.c ****     /**USART2 GPIO Configuration    
 249:Src/stm32f4xx_hal_msp.c ****     PA2     ------> USART2_TX
 250:Src/stm32f4xx_hal_msp.c ****     PA3     ------> USART2_RX 
 251:Src/stm32f4xx_hal_msp.c ****     */
 252:Src/stm32f4xx_hal_msp.c ****     GPIO_InitStruct.Pin = GPIO_PIN_2|GPIO_PIN_3;
 253:Src/stm32f4xx_hal_msp.c ****     GPIO_InitStruct.Mode = GPIO_MODE_AF_PP;
 254:Src/stm32f4xx_hal_msp.c ****     GPIO_InitStruct.Pull = GPIO_PULLUP;
 255:Src/stm32f4xx_hal_msp.c ****     GPIO_InitStruct.Speed = GPIO_SPEED_FREQ_VERY_HIGH;
 256:Src/stm32f4xx_hal_msp.c ****     GPIO_InitStruct.Alternate = GPIO_AF7_USART2;
 257:Src/stm32f4xx_hal_msp.c ****     HAL_GPIO_Init(GPIOA, &GPIO_InitStruct);
 258:Src/stm32f4xx_hal_msp.c **** 
 259:Src/stm32f4xx_hal_msp.c ****     /* USART2 interrupt Init */
 260:Src/stm32f4xx_hal_msp.c ****     HAL_NVIC_SetPriority(USART2_IRQn, 2, 0);
 261:Src/stm32f4xx_hal_msp.c ****     HAL_NVIC_EnableIRQ(USART2_IRQn);
 262:Src/stm32f4xx_hal_msp.c ****   /* USER CODE BEGIN USART2_MspInit 1 */
 263:Src/stm32f4xx_hal_msp.c **** 
 264:Src/stm32f4xx_hal_msp.c ****   /* USER CODE END USART2_MspInit 1 */
 265:Src/stm32f4xx_hal_msp.c ****   }
 266:Src/stm32f4xx_hal_msp.c **** 
 267:Src/stm32f4xx_hal_msp.c **** }
 326              		.loc 1 267 0
 327 001a 08B0     		add	sp, sp, #32
 328              	.LCFI8:
 329              		.cfi_remember_state
 330              		.cfi_def_cfa_offset 24
 331              		@ sp needed
 332 001c BDE8F081 		pop	{r4, r5, r6, r7, r8, pc}
 333              	.LVL26:
 334              	.L24:
 335              	.LCFI9:
 336              		.cfi_restore_state
 337              	.LBB4:
 187:Src/stm32f4xx_hal_msp.c ****   
 338              		.loc 1 187 0
 339 0020 0025     		movs	r5, #0
 340 0022 0095     		str	r5, [sp]
 341 0024 3D4B     		ldr	r3, .L27+12
 342 0026 1A6C     		ldr	r2, [r3, #64]
 343 0028 42F48012 		orr	r2, r2, #1048576
 344 002c 1A64     		str	r2, [r3, #64]
 345 002e 1B6C     		ldr	r3, [r3, #64]
 346 0030 03F48013 		and	r3, r3, #1048576
 347 0034 0093     		str	r3, [sp]
 348 0036 009B     		ldr	r3, [sp]
 349              	.LBE4:
 193:Src/stm32f4xx_hal_msp.c ****     GPIO_InitStruct.Mode = GPIO_MODE_AF_PP;
ARM GAS  C:\Users\ALEXSN~1\AppData\Local\Temp\ccUVTYdT.s 			page 12


 350              		.loc 1 193 0
 351 0038 4FF48053 		mov	r3, #4096
 352 003c 0393     		str	r3, [sp, #12]
 194:Src/stm32f4xx_hal_msp.c ****     GPIO_InitStruct.Pull = GPIO_PULLUP;
 353              		.loc 1 194 0
 354 003e 0224     		movs	r4, #2
 355 0040 0494     		str	r4, [sp, #16]
 195:Src/stm32f4xx_hal_msp.c ****     GPIO_InitStruct.Speed = GPIO_SPEED_FREQ_VERY_HIGH;
 356              		.loc 1 195 0
 357 0042 4FF00108 		mov	r8, #1
 358 0046 CDF81480 		str	r8, [sp, #20]
 196:Src/stm32f4xx_hal_msp.c ****     GPIO_InitStruct.Alternate = GPIO_AF8_UART5;
 359              		.loc 1 196 0
 360 004a 0327     		movs	r7, #3
 361 004c 0697     		str	r7, [sp, #24]
 197:Src/stm32f4xx_hal_msp.c ****     HAL_GPIO_Init(GPIOC, &GPIO_InitStruct);
 362              		.loc 1 197 0
 363 004e 0826     		movs	r6, #8
 364 0050 0796     		str	r6, [sp, #28]
 198:Src/stm32f4xx_hal_msp.c **** 
 365              		.loc 1 198 0
 366 0052 03A9     		add	r1, sp, #12
 367 0054 3248     		ldr	r0, .L27+16
 368              	.LVL27:
 369 0056 FFF7FEFF 		bl	HAL_GPIO_Init
 370              	.LVL28:
 200:Src/stm32f4xx_hal_msp.c ****     GPIO_InitStruct.Mode = GPIO_MODE_AF_PP;
 371              		.loc 1 200 0
 372 005a 0423     		movs	r3, #4
 373 005c 0393     		str	r3, [sp, #12]
 201:Src/stm32f4xx_hal_msp.c ****     GPIO_InitStruct.Pull = GPIO_PULLUP;
 374              		.loc 1 201 0
 375 005e 0494     		str	r4, [sp, #16]
 202:Src/stm32f4xx_hal_msp.c ****     GPIO_InitStruct.Speed = GPIO_SPEED_FREQ_VERY_HIGH;
 376              		.loc 1 202 0
 377 0060 CDF81480 		str	r8, [sp, #20]
 203:Src/stm32f4xx_hal_msp.c ****     GPIO_InitStruct.Alternate = GPIO_AF8_UART5;
 378              		.loc 1 203 0
 379 0064 0697     		str	r7, [sp, #24]
 204:Src/stm32f4xx_hal_msp.c ****     HAL_GPIO_Init(GPIOD, &GPIO_InitStruct);
 380              		.loc 1 204 0
 381 0066 0796     		str	r6, [sp, #28]
 205:Src/stm32f4xx_hal_msp.c **** 
 382              		.loc 1 205 0
 383 0068 03A9     		add	r1, sp, #12
 384 006a 2E48     		ldr	r0, .L27+20
 385 006c FFF7FEFF 		bl	HAL_GPIO_Init
 386              	.LVL29:
 208:Src/stm32f4xx_hal_msp.c ****     HAL_NVIC_EnableIRQ(UART5_IRQn);
 387              		.loc 1 208 0
 388 0070 2A46     		mov	r2, r5
 389 0072 2146     		mov	r1, r4
 390 0074 3520     		movs	r0, #53
 391 0076 FFF7FEFF 		bl	HAL_NVIC_SetPriority
 392              	.LVL30:
 209:Src/stm32f4xx_hal_msp.c ****   /* USER CODE BEGIN UART5_MspInit 1 */
 393              		.loc 1 209 0
ARM GAS  C:\Users\ALEXSN~1\AppData\Local\Temp\ccUVTYdT.s 			page 13


 394 007a 3520     		movs	r0, #53
 395 007c FFF7FEFF 		bl	HAL_NVIC_EnableIRQ
 396              	.LVL31:
 397 0080 CBE7     		b	.L19
 398              	.LVL32:
 399              	.L25:
 400              	.LBB5:
 220:Src/stm32f4xx_hal_msp.c ****   
 401              		.loc 1 220 0
 402 0082 0025     		movs	r5, #0
 403 0084 0195     		str	r5, [sp, #4]
 404 0086 254B     		ldr	r3, .L27+12
 405 0088 5A6C     		ldr	r2, [r3, #68]
 406 008a 42F01002 		orr	r2, r2, #16
 407 008e 5A64     		str	r2, [r3, #68]
 408 0090 5B6C     		ldr	r3, [r3, #68]
 409 0092 03F01003 		and	r3, r3, #16
 410 0096 0193     		str	r3, [sp, #4]
 411 0098 019B     		ldr	r3, [sp, #4]
 412              	.LBE5:
 226:Src/stm32f4xx_hal_msp.c ****     GPIO_InitStruct.Mode = GPIO_MODE_AF_PP;
 413              		.loc 1 226 0
 414 009a C023     		movs	r3, #192
 415 009c 0393     		str	r3, [sp, #12]
 227:Src/stm32f4xx_hal_msp.c ****     GPIO_InitStruct.Pull = GPIO_PULLUP;
 416              		.loc 1 227 0
 417 009e 0224     		movs	r4, #2
 418 00a0 0494     		str	r4, [sp, #16]
 228:Src/stm32f4xx_hal_msp.c ****     GPIO_InitStruct.Speed = GPIO_SPEED_FREQ_VERY_HIGH;
 419              		.loc 1 228 0
 420 00a2 0123     		movs	r3, #1
 421 00a4 0593     		str	r3, [sp, #20]
 229:Src/stm32f4xx_hal_msp.c ****     GPIO_InitStruct.Alternate = GPIO_AF7_USART1;
 422              		.loc 1 229 0
 423 00a6 0323     		movs	r3, #3
 424 00a8 0693     		str	r3, [sp, #24]
 230:Src/stm32f4xx_hal_msp.c ****     HAL_GPIO_Init(GPIOB, &GPIO_InitStruct);
 425              		.loc 1 230 0
 426 00aa 0723     		movs	r3, #7
 427 00ac 0793     		str	r3, [sp, #28]
 231:Src/stm32f4xx_hal_msp.c **** 
 428              		.loc 1 231 0
 429 00ae 03A9     		add	r1, sp, #12
 430 00b0 1D48     		ldr	r0, .L27+24
 431              	.LVL33:
 432 00b2 FFF7FEFF 		bl	HAL_GPIO_Init
 433              	.LVL34:
 234:Src/stm32f4xx_hal_msp.c ****     HAL_NVIC_EnableIRQ(USART1_IRQn);
 434              		.loc 1 234 0
 435 00b6 2A46     		mov	r2, r5
 436 00b8 2146     		mov	r1, r4
 437 00ba 2520     		movs	r0, #37
 438 00bc FFF7FEFF 		bl	HAL_NVIC_SetPriority
 439              	.LVL35:
 235:Src/stm32f4xx_hal_msp.c ****   /* USER CODE BEGIN USART1_MspInit 1 */
 440              		.loc 1 235 0
 441 00c0 2520     		movs	r0, #37
ARM GAS  C:\Users\ALEXSN~1\AppData\Local\Temp\ccUVTYdT.s 			page 14


 442 00c2 FFF7FEFF 		bl	HAL_NVIC_EnableIRQ
 443              	.LVL36:
 444 00c6 A8E7     		b	.L19
 445              	.LVL37:
 446              	.L26:
 447              	.LBB6:
 246:Src/stm32f4xx_hal_msp.c ****   
 448              		.loc 1 246 0
 449 00c8 0025     		movs	r5, #0
 450 00ca 0295     		str	r5, [sp, #8]
 451 00cc 134B     		ldr	r3, .L27+12
 452 00ce 1A6C     		ldr	r2, [r3, #64]
 453 00d0 42F40032 		orr	r2, r2, #131072
 454 00d4 1A64     		str	r2, [r3, #64]
 455 00d6 1B6C     		ldr	r3, [r3, #64]
 456 00d8 03F40033 		and	r3, r3, #131072
 457 00dc 0293     		str	r3, [sp, #8]
 458 00de 029B     		ldr	r3, [sp, #8]
 459              	.LBE6:
 252:Src/stm32f4xx_hal_msp.c ****     GPIO_InitStruct.Mode = GPIO_MODE_AF_PP;
 460              		.loc 1 252 0
 461 00e0 0C23     		movs	r3, #12
 462 00e2 0393     		str	r3, [sp, #12]
 253:Src/stm32f4xx_hal_msp.c ****     GPIO_InitStruct.Pull = GPIO_PULLUP;
 463              		.loc 1 253 0
 464 00e4 0224     		movs	r4, #2
 465 00e6 0494     		str	r4, [sp, #16]
 254:Src/stm32f4xx_hal_msp.c ****     GPIO_InitStruct.Speed = GPIO_SPEED_FREQ_VERY_HIGH;
 466              		.loc 1 254 0
 467 00e8 0123     		movs	r3, #1
 468 00ea 0593     		str	r3, [sp, #20]
 255:Src/stm32f4xx_hal_msp.c ****     GPIO_InitStruct.Alternate = GPIO_AF7_USART2;
 469              		.loc 1 255 0
 470 00ec 0323     		movs	r3, #3
 471 00ee 0693     		str	r3, [sp, #24]
 256:Src/stm32f4xx_hal_msp.c ****     HAL_GPIO_Init(GPIOA, &GPIO_InitStruct);
 472              		.loc 1 256 0
 473 00f0 0723     		movs	r3, #7
 474 00f2 0793     		str	r3, [sp, #28]
 257:Src/stm32f4xx_hal_msp.c **** 
 475              		.loc 1 257 0
 476 00f4 03A9     		add	r1, sp, #12
 477 00f6 0D48     		ldr	r0, .L27+28
 478              	.LVL38:
 479 00f8 FFF7FEFF 		bl	HAL_GPIO_Init
 480              	.LVL39:
 260:Src/stm32f4xx_hal_msp.c ****     HAL_NVIC_EnableIRQ(USART2_IRQn);
 481              		.loc 1 260 0
 482 00fc 2A46     		mov	r2, r5
 483 00fe 2146     		mov	r1, r4
 484 0100 2620     		movs	r0, #38
 485 0102 FFF7FEFF 		bl	HAL_NVIC_SetPriority
 486              	.LVL40:
 261:Src/stm32f4xx_hal_msp.c ****   /* USER CODE BEGIN USART2_MspInit 1 */
 487              		.loc 1 261 0
 488 0106 2620     		movs	r0, #38
 489 0108 FFF7FEFF 		bl	HAL_NVIC_EnableIRQ
ARM GAS  C:\Users\ALEXSN~1\AppData\Local\Temp\ccUVTYdT.s 			page 15


 490              	.LVL41:
 491              		.loc 1 267 0
 492 010c 85E7     		b	.L19
 493              	.L28:
 494 010e 00BF     		.align	2
 495              	.L27:
 496 0110 00500040 		.word	1073762304
 497 0114 00100140 		.word	1073811456
 498 0118 00440040 		.word	1073759232
 499 011c 00380240 		.word	1073887232
 500 0120 00080240 		.word	1073874944
 501 0124 000C0240 		.word	1073875968
 502 0128 00040240 		.word	1073873920
 503 012c 00000240 		.word	1073872896
 504              		.cfi_endproc
 505              	.LFE127:
 507              		.section	.text.HAL_UART_MspDeInit,"ax",%progbits
 508              		.align	1
 509              		.global	HAL_UART_MspDeInit
 510              		.syntax unified
 511              		.thumb
 512              		.thumb_func
 513              		.fpu fpv4-sp-d16
 515              	HAL_UART_MspDeInit:
 516              	.LFB128:
 268:Src/stm32f4xx_hal_msp.c **** 
 269:Src/stm32f4xx_hal_msp.c **** void HAL_UART_MspDeInit(UART_HandleTypeDef* huart)
 270:Src/stm32f4xx_hal_msp.c **** {
 517              		.loc 1 270 0
 518              		.cfi_startproc
 519              		@ args = 0, pretend = 0, frame = 0
 520              		@ frame_needed = 0, uses_anonymous_args = 0
 521              	.LVL42:
 522 0000 08B5     		push	{r3, lr}
 523              	.LCFI10:
 524              		.cfi_def_cfa_offset 8
 525              		.cfi_offset 3, -8
 526              		.cfi_offset 14, -4
 271:Src/stm32f4xx_hal_msp.c **** 
 272:Src/stm32f4xx_hal_msp.c ****   if(huart->Instance==UART5)
 527              		.loc 1 272 0
 528 0002 0368     		ldr	r3, [r0]
 529 0004 1C4A     		ldr	r2, .L37
 530 0006 9342     		cmp	r3, r2
 531 0008 06D0     		beq	.L34
 273:Src/stm32f4xx_hal_msp.c ****   {
 274:Src/stm32f4xx_hal_msp.c ****   /* USER CODE BEGIN UART5_MspDeInit 0 */
 275:Src/stm32f4xx_hal_msp.c **** 
 276:Src/stm32f4xx_hal_msp.c ****   /* USER CODE END UART5_MspDeInit 0 */
 277:Src/stm32f4xx_hal_msp.c ****     /* Peripheral clock disable */
 278:Src/stm32f4xx_hal_msp.c ****     __HAL_RCC_UART5_CLK_DISABLE();
 279:Src/stm32f4xx_hal_msp.c ****   
 280:Src/stm32f4xx_hal_msp.c ****     /**UART5 GPIO Configuration    
 281:Src/stm32f4xx_hal_msp.c ****     PC12     ------> UART5_TX
 282:Src/stm32f4xx_hal_msp.c ****     PD2     ------> UART5_RX 
 283:Src/stm32f4xx_hal_msp.c ****     */
 284:Src/stm32f4xx_hal_msp.c ****     HAL_GPIO_DeInit(GPIOC, GPIO_PIN_12);
ARM GAS  C:\Users\ALEXSN~1\AppData\Local\Temp\ccUVTYdT.s 			page 16


 285:Src/stm32f4xx_hal_msp.c **** 
 286:Src/stm32f4xx_hal_msp.c ****     HAL_GPIO_DeInit(GPIOD, GPIO_PIN_2);
 287:Src/stm32f4xx_hal_msp.c **** 
 288:Src/stm32f4xx_hal_msp.c ****     /* UART5 interrupt DeInit */
 289:Src/stm32f4xx_hal_msp.c ****     HAL_NVIC_DisableIRQ(UART5_IRQn);
 290:Src/stm32f4xx_hal_msp.c ****   /* USER CODE BEGIN UART5_MspDeInit 1 */
 291:Src/stm32f4xx_hal_msp.c **** 
 292:Src/stm32f4xx_hal_msp.c ****   /* USER CODE END UART5_MspDeInit 1 */
 293:Src/stm32f4xx_hal_msp.c ****   }
 294:Src/stm32f4xx_hal_msp.c ****   else if(huart->Instance==USART1)
 532              		.loc 1 294 0
 533 000a 1C4A     		ldr	r2, .L37+4
 534 000c 9342     		cmp	r3, r2
 535 000e 16D0     		beq	.L35
 295:Src/stm32f4xx_hal_msp.c ****   {
 296:Src/stm32f4xx_hal_msp.c ****   /* USER CODE BEGIN USART1_MspDeInit 0 */
 297:Src/stm32f4xx_hal_msp.c **** 
 298:Src/stm32f4xx_hal_msp.c ****   /* USER CODE END USART1_MspDeInit 0 */
 299:Src/stm32f4xx_hal_msp.c ****     /* Peripheral clock disable */
 300:Src/stm32f4xx_hal_msp.c ****     __HAL_RCC_USART1_CLK_DISABLE();
 301:Src/stm32f4xx_hal_msp.c ****   
 302:Src/stm32f4xx_hal_msp.c ****     /**USART1 GPIO Configuration    
 303:Src/stm32f4xx_hal_msp.c ****     PB6     ------> USART1_TX
 304:Src/stm32f4xx_hal_msp.c ****     PB7     ------> USART1_RX 
 305:Src/stm32f4xx_hal_msp.c ****     */
 306:Src/stm32f4xx_hal_msp.c ****     HAL_GPIO_DeInit(GPIOB, GPIO_PIN_6|GPIO_PIN_7);
 307:Src/stm32f4xx_hal_msp.c **** 
 308:Src/stm32f4xx_hal_msp.c ****     /* USART1 interrupt DeInit */
 309:Src/stm32f4xx_hal_msp.c ****     HAL_NVIC_DisableIRQ(USART1_IRQn);
 310:Src/stm32f4xx_hal_msp.c ****   /* USER CODE BEGIN USART1_MspDeInit 1 */
 311:Src/stm32f4xx_hal_msp.c **** 
 312:Src/stm32f4xx_hal_msp.c ****   /* USER CODE END USART1_MspDeInit 1 */
 313:Src/stm32f4xx_hal_msp.c ****   }
 314:Src/stm32f4xx_hal_msp.c ****   else if(huart->Instance==USART2)
 536              		.loc 1 314 0
 537 0010 1B4A     		ldr	r2, .L37+8
 538 0012 9342     		cmp	r3, r2
 539 0014 21D0     		beq	.L36
 540              	.LVL43:
 541              	.L29:
 542 0016 08BD     		pop	{r3, pc}
 543              	.LVL44:
 544              	.L34:
 278:Src/stm32f4xx_hal_msp.c ****   
 545              		.loc 1 278 0
 546 0018 02F5F432 		add	r2, r2, #124928
 547 001c 136C     		ldr	r3, [r2, #64]
 548 001e 23F48013 		bic	r3, r3, #1048576
 549 0022 1364     		str	r3, [r2, #64]
 284:Src/stm32f4xx_hal_msp.c **** 
 550              		.loc 1 284 0
 551 0024 4FF48051 		mov	r1, #4096
 552 0028 1648     		ldr	r0, .L37+12
 553              	.LVL45:
 554 002a FFF7FEFF 		bl	HAL_GPIO_DeInit
 555              	.LVL46:
 286:Src/stm32f4xx_hal_msp.c **** 
ARM GAS  C:\Users\ALEXSN~1\AppData\Local\Temp\ccUVTYdT.s 			page 17


 556              		.loc 1 286 0
 557 002e 0421     		movs	r1, #4
 558 0030 1548     		ldr	r0, .L37+16
 559 0032 FFF7FEFF 		bl	HAL_GPIO_DeInit
 560              	.LVL47:
 289:Src/stm32f4xx_hal_msp.c ****   /* USER CODE BEGIN UART5_MspDeInit 1 */
 561              		.loc 1 289 0
 562 0036 3520     		movs	r0, #53
 563 0038 FFF7FEFF 		bl	HAL_NVIC_DisableIRQ
 564              	.LVL48:
 565 003c 08BD     		pop	{r3, pc}
 566              	.LVL49:
 567              	.L35:
 300:Src/stm32f4xx_hal_msp.c ****   
 568              		.loc 1 300 0
 569 003e 02F59432 		add	r2, r2, #75776
 570 0042 536C     		ldr	r3, [r2, #68]
 571 0044 23F01003 		bic	r3, r3, #16
 572 0048 5364     		str	r3, [r2, #68]
 306:Src/stm32f4xx_hal_msp.c **** 
 573              		.loc 1 306 0
 574 004a C021     		movs	r1, #192
 575 004c 0F48     		ldr	r0, .L37+20
 576              	.LVL50:
 577 004e FFF7FEFF 		bl	HAL_GPIO_DeInit
 578              	.LVL51:
 309:Src/stm32f4xx_hal_msp.c ****   /* USER CODE BEGIN USART1_MspDeInit 1 */
 579              		.loc 1 309 0
 580 0052 2520     		movs	r0, #37
 581 0054 FFF7FEFF 		bl	HAL_NVIC_DisableIRQ
 582              	.LVL52:
 583 0058 08BD     		pop	{r3, pc}
 584              	.LVL53:
 585              	.L36:
 315:Src/stm32f4xx_hal_msp.c ****   {
 316:Src/stm32f4xx_hal_msp.c ****   /* USER CODE BEGIN USART2_MspDeInit 0 */
 317:Src/stm32f4xx_hal_msp.c **** 
 318:Src/stm32f4xx_hal_msp.c ****   /* USER CODE END USART2_MspDeInit 0 */
 319:Src/stm32f4xx_hal_msp.c ****     /* Peripheral clock disable */
 320:Src/stm32f4xx_hal_msp.c ****     __HAL_RCC_USART2_CLK_DISABLE();
 586              		.loc 1 320 0
 587 005a 02F5FA32 		add	r2, r2, #128000
 588 005e 136C     		ldr	r3, [r2, #64]
 589 0060 23F40033 		bic	r3, r3, #131072
 590 0064 1364     		str	r3, [r2, #64]
 321:Src/stm32f4xx_hal_msp.c ****   
 322:Src/stm32f4xx_hal_msp.c ****     /**USART2 GPIO Configuration    
 323:Src/stm32f4xx_hal_msp.c ****     PA2     ------> USART2_TX
 324:Src/stm32f4xx_hal_msp.c ****     PA3     ------> USART2_RX 
 325:Src/stm32f4xx_hal_msp.c ****     */
 326:Src/stm32f4xx_hal_msp.c ****     HAL_GPIO_DeInit(GPIOA, GPIO_PIN_2|GPIO_PIN_3);
 591              		.loc 1 326 0
 592 0066 0C21     		movs	r1, #12
 593 0068 0948     		ldr	r0, .L37+24
 594              	.LVL54:
 595 006a FFF7FEFF 		bl	HAL_GPIO_DeInit
 596              	.LVL55:
ARM GAS  C:\Users\ALEXSN~1\AppData\Local\Temp\ccUVTYdT.s 			page 18


 327:Src/stm32f4xx_hal_msp.c **** 
 328:Src/stm32f4xx_hal_msp.c ****     /* USART2 interrupt DeInit */
 329:Src/stm32f4xx_hal_msp.c ****     HAL_NVIC_DisableIRQ(USART2_IRQn);
 597              		.loc 1 329 0
 598 006e 2620     		movs	r0, #38
 599 0070 FFF7FEFF 		bl	HAL_NVIC_DisableIRQ
 600              	.LVL56:
 330:Src/stm32f4xx_hal_msp.c ****   /* USER CODE BEGIN USART2_MspDeInit 1 */
 331:Src/stm32f4xx_hal_msp.c **** 
 332:Src/stm32f4xx_hal_msp.c ****   /* USER CODE END USART2_MspDeInit 1 */
 333:Src/stm32f4xx_hal_msp.c ****   }
 334:Src/stm32f4xx_hal_msp.c **** 
 335:Src/stm32f4xx_hal_msp.c **** }
 601              		.loc 1 335 0
 602 0074 CFE7     		b	.L29
 603              	.L38:
 604 0076 00BF     		.align	2
 605              	.L37:
 606 0078 00500040 		.word	1073762304
 607 007c 00100140 		.word	1073811456
 608 0080 00440040 		.word	1073759232
 609 0084 00080240 		.word	1073874944
 610 0088 000C0240 		.word	1073875968
 611 008c 00040240 		.word	1073873920
 612 0090 00000240 		.word	1073872896
 613              		.cfi_endproc
 614              	.LFE128:
 616              		.text
 617              	.Letext0:
 618              		.file 2 "c:\\program files\\gcc-arm-none-eabi-6-2017-q2-update-win32\\arm-none-eabi\\include\\mach
 619              		.file 3 "c:\\program files\\gcc-arm-none-eabi-6-2017-q2-update-win32\\arm-none-eabi\\include\\sys\
 620              		.file 4 "Drivers/CMSIS/Include/core_cm4.h"
 621              		.file 5 "Drivers/CMSIS/Device/ST/STM32F4xx/Include/system_stm32f4xx.h"
 622              		.file 6 "Drivers/CMSIS/Device/ST/STM32F4xx/Include/stm32f405xx.h"
 623              		.file 7 "c:\\program files\\gcc-arm-none-eabi-6-2017-q2-update-win32\\arm-none-eabi\\include\\sys\
 624              		.file 8 "c:\\program files\\gcc-arm-none-eabi-6-2017-q2-update-win32\\arm-none-eabi\\include\\sys\
 625              		.file 9 "c:\\program files\\gcc-arm-none-eabi-6-2017-q2-update-win32\\lib\\gcc\\arm-none-eabi\\6.3
 626              		.file 10 "c:\\program files\\gcc-arm-none-eabi-6-2017-q2-update-win32\\arm-none-eabi\\include\\sys
 627              		.file 11 "Drivers/STM32F4xx_HAL_Driver/Inc/stm32f4xx_hal_def.h"
 628              		.file 12 "Drivers/STM32F4xx_HAL_Driver/Inc/stm32f4xx_hal_gpio.h"
 629              		.file 13 "Drivers/STM32F4xx_HAL_Driver/Inc/stm32f4xx_hal_dma.h"
 630              		.file 14 "Drivers/STM32F4xx_HAL_Driver/Inc/stm32f4xx_hal_spi.h"
 631              		.file 15 "Drivers/STM32F4xx_HAL_Driver/Inc/stm32f4xx_hal_uart.h"
 632              		.file 16 "Drivers/STM32F4xx_HAL_Driver/Inc/stm32f4xx_hal_cortex.h"
ARM GAS  C:\Users\ALEXSN~1\AppData\Local\Temp\ccUVTYdT.s 			page 19


DEFINED SYMBOLS
                            *ABS*:00000000 stm32f4xx_hal_msp.c
C:\Users\ALEXSN~1\AppData\Local\Temp\ccUVTYdT.s:18     .text.HAL_MspInit:00000000 $t
C:\Users\ALEXSN~1\AppData\Local\Temp\ccUVTYdT.s:25     .text.HAL_MspInit:00000000 HAL_MspInit
C:\Users\ALEXSN~1\AppData\Local\Temp\ccUVTYdT.s:88     .text.HAL_SPI_MspInit:00000000 $t
C:\Users\ALEXSN~1\AppData\Local\Temp\ccUVTYdT.s:95     .text.HAL_SPI_MspInit:00000000 HAL_SPI_MspInit
C:\Users\ALEXSN~1\AppData\Local\Temp\ccUVTYdT.s:205    .text.HAL_SPI_MspInit:00000084 $d
C:\Users\ALEXSN~1\AppData\Local\Temp\ccUVTYdT.s:214    .text.HAL_SPI_MspDeInit:00000000 $t
C:\Users\ALEXSN~1\AppData\Local\Temp\ccUVTYdT.s:221    .text.HAL_SPI_MspDeInit:00000000 HAL_SPI_MspDeInit
C:\Users\ALEXSN~1\AppData\Local\Temp\ccUVTYdT.s:277    .text.HAL_SPI_MspDeInit:00000040 $d
C:\Users\ALEXSN~1\AppData\Local\Temp\ccUVTYdT.s:285    .text.HAL_UART_MspInit:00000000 $t
C:\Users\ALEXSN~1\AppData\Local\Temp\ccUVTYdT.s:292    .text.HAL_UART_MspInit:00000000 HAL_UART_MspInit
C:\Users\ALEXSN~1\AppData\Local\Temp\ccUVTYdT.s:496    .text.HAL_UART_MspInit:00000110 $d
C:\Users\ALEXSN~1\AppData\Local\Temp\ccUVTYdT.s:508    .text.HAL_UART_MspDeInit:00000000 $t
C:\Users\ALEXSN~1\AppData\Local\Temp\ccUVTYdT.s:515    .text.HAL_UART_MspDeInit:00000000 HAL_UART_MspDeInit
C:\Users\ALEXSN~1\AppData\Local\Temp\ccUVTYdT.s:606    .text.HAL_UART_MspDeInit:00000078 $d
                     .debug_frame:00000010 $d

UNDEFINED SYMBOLS
HAL_NVIC_SetPriorityGrouping
HAL_NVIC_SetPriority
HAL_GPIO_Init
HAL_GPIO_DeInit
HAL_NVIC_EnableIRQ
HAL_NVIC_DisableIRQ
